
               Precipitation-Runoff Modeling System (PRMS)
                       Version 5.0.0 06/01/2018

        Process            Available Modules
--------------------------------------------------------------------
  Basin Definition: basin
    Cascading Flow: cascade
  Time Series Data: obs, water_use_read, dynamic_param_read
   Potet Solar Rad: soltab
  Temperature Dist: temp_1sta, temp_laps, temp_dist2, climate_hru
       Precip Dist: precip_1sta, precip_laps, precip_dist2,
                    climate_hru
Temp & Precip Dist: xyz_dist, ide_dist
    Solar Rad Dist: ccsolrad, ddsolrad, climate_hru
Transpiration Dist: transp_tindex, climate_hru, transp_frost
      Potential ET: potet_hamon, potet_jh, potet_pan, climate_hru,
                    potet_hs, potet_pt, potet_pm, potet_pm_sta
      Interception: intcp
     Snow Dynamics: snowcomp
    Surface Runoff: srunoff_smidx, srunoff_carea
         Soil Zone: soilzone
       Groundwater: gwflow
Streamflow Routing: strmflow, strmflow_in_out, muskingum,
                    muskingum_lake
Stream Temperature: stream_temp
    Output Summary: basin_sum, subbasin, map_results, prms_summary,
                    nhru_summary, nsub_summary, water_balance
                    basin_summary, nsegment_summary
     Preprocessing: write_climate_hru, frost_date
--------------------------------------------------------------------


    Active modules listed in the order in which they are called

        Process                   Module                Version Date
====================================================================
GSFLOW Computation Order       gsflow_prms                2018-05-25
Basin Definition               basin                      2018-04-06
Cascading Flow                 cascade                    2018-05-25
Common States and Fluxes       climateflow                2018-04-25
Potential Solar Radiation      soltab                     2016-09-09
PRMS Set Time Variables        prms_time                  2015-03-31
Time Series Data               obs                        2018-02-23
Temperature Distribution       temp_1sta                  2018-01-16
Precipitation Distribution     precip_1sta                2016-10-21
Solar Radiation Distribution   ddsolrad                   2016-11-03
Transpiration Distribution     transp_tindex              2015-01-06
Potential Evapotranspiration   potet_jh                   2016-05-10
Canopy Interception            intcp                      2018-02-26
Snow Dynamics                  snowcomp                   2018-05-04
Surface Runoff                 srunoff_smidx              2018-04-25
Soil Zone Computations         soilzone                   2018-04-25
Groundwater                    gwflow                     2018-02-26
Streamflow Routing             strmflow                   2014-12-02
Summary                        basin_sum                  2017-10-21
Output Summary                 map_results                2018-04-25
Output Summary                 subbasin                   2018-04-25
====================================================================

Using Control File: sagehen.control

Using Parameter File: ./inputs/calibration_parameters.param


Start time: 1982/08/01 00:00:00
End time:   1997/03/31 00:00:00


Model domain area:        13114.18    Active basin area:      6855.32
Fraction impervious:        0.0011    Fraction pervious:       0.9989




   Year Month Day   Precip     ET    Storage S-Runoff M-Runoff
                  (inches) (inches) (inches) (inches) (inches)
 -------------------------------------------------------------
 initial                               2.417
   1982            144.015    4.176   24.034  118.223    1.188
   1983           1657.538   14.322 1315.347  351.903   37.966
   1984           1289.434   18.547 2251.463  334.770   25.890
   1985            743.034   12.030 2847.210  135.257   11.141
   1986           1610.908   18.264 4106.521  333.334   26.756
   1987            468.126   19.585 4410.576  144.486    6.370
   1988            493.325   19.113 4713.329  171.459    4.096
   1989           1204.287   19.673 5516.134  381.809   12.548
   1990            739.769   16.203 6014.270  225.430    6.422
   1991            748.125   17.110 6497.198  248.087    5.515
   1992            555.817   20.918 6813.796  218.301    3.806
   1993           1250.864   15.690 7848.469  200.501   18.685
   1994            521.736   18.448 8190.331  161.426    4.138
   1995           1665.705   15.591 9554.492  285.954   29.179
   1996           1331.909   20.79410496.460  369.146   22.527
 *************************************************************
 Total for run   15341.963  252.36911171.501 3920.510  232.203
 *************************************************************
Execution elapsed time    0 minutes 14.59 seconds

